  [1m[36m (1.4ms)[0m  [1mCREATE TABLE "schema_migrations" ("version" varchar NOT NULL) [0m
  [1m[35m (0.1ms)[0m  select sqlite_version(*)
  [1m[36m (1.1ms)[0m  [1mCREATE UNIQUE INDEX "unique_schema_migrations" ON "schema_migrations" ("version")[0m
  [1m[35mActiveRecord::SchemaMigration Load (0.1ms)[0m  SELECT "schema_migrations".* FROM "schema_migrations"


Started GET "/" for ::1 at 2015-11-16 16:12:00 -0600
Processing by Rails::WelcomeController#index as HTML
  Rendered /Users/admin/.rvm/gems/ruby-2.1.2/gems/railties-4.2.3/lib/rails/templates/rails/welcome/index.html.erb (1.9ms)
Completed 200 OK in 48ms (Views: 36.7ms | ActiveRecord: 0.0ms)


Started GET "/" for ::1 at 2017-09-21 16:43:33 -0400
Processing by Rails::WelcomeController#index as HTML
  Rendered /Users/ryansperzel/.rvm/gems/ruby-2.3.3/gems/railties-4.2.3/lib/rails/templates/rails/welcome/index.html.erb (1.1ms)
Completed 200 OK in 12ms (Views: 5.2ms | ActiveRecord: 0.0ms)


Started GET "/" for ::1 at 2017-09-21 16:43:52 -0400
Processing by Rails::WelcomeController#index as HTML
  Rendered /Users/ryansperzel/.rvm/gems/ruby-2.3.3/gems/railties-4.2.3/lib/rails/templates/rails/welcome/index.html.erb (0.0ms)
Completed 200 OK in 2ms (Views: 1.3ms | ActiveRecord: 0.0ms)


Started GET "/" for ::1 at 2017-09-21 16:43:54 -0400
Processing by Rails::WelcomeController#index as HTML
  Rendered /Users/ryansperzel/.rvm/gems/ruby-2.3.3/gems/railties-4.2.3/lib/rails/templates/rails/welcome/index.html.erb (0.0ms)
Completed 200 OK in 2ms (Views: 1.4ms | ActiveRecord: 0.0ms)


Started GET "/hello_world" for ::1 at 2017-09-21 16:43:56 -0400
Processing by StaticController#greeting as HTML
  Rendered static/greeting.erb within layouts/application (0.3ms)
Completed 200 OK in 836ms (Views: 835.4ms | ActiveRecord: 0.0ms)


Started GET "/assets/static.self-e3b0c44298fc1c149afbf4c8996fb92427ae41e4649b934ca495991b7852b855.css?body=1" for ::1 at 2017-09-21 16:43:57 -0400


Started GET "/assets/application.self-3b8dabdc891efe46b9a144b400ad69e37d7e5876bdc39dee783419a69d7ca819.js?body=1" for ::1 at 2017-09-21 16:43:57 -0400


Started GET "/assets/application.self-e80e8f2318043e8af94dddc2adad5a4f09739a8ebb323b3ab31cd71d45fd9113.css?body=1" for ::1 at 2017-09-21 16:43:57 -0400


Started GET "/assets/static.self-877aef30ae1b040ab8a3aba4e3e309a11d7f2612f44dde450b5c157aa5f95c05.js?body=1" for ::1 at 2017-09-21 16:43:57 -0400


Started GET "/assets/jquery_ujs.self-d456baa54c1fa6be2ec3711f0a72ddf7a5b2f34a6b4f515f33767d6207b7d4b3.js?body=1" for ::1 at 2017-09-21 16:43:57 -0400


Started GET "/assets/jquery.self-a714331225dda820228db323939889f149aec0127aeb06255646b616ba1ca419.js?body=1" for ::1 at 2017-09-21 16:43:57 -0400


Started GET "/assets/turbolinks.self-c37727e9bd6b2735da5c311aa83fead54ed0be6cc8bd9a65309e9c5abe2cbfff.js?body=1" for ::1 at 2017-09-21 16:43:57 -0400


Started GET "/" for ::1 at 2017-09-21 16:47:47 -0400
Processing by Rails::WelcomeController#index as HTML
  Rendered /Users/ryansperzel/.rvm/gems/ruby-2.3.3/gems/railties-4.2.3/lib/rails/templates/rails/welcome/index.html.erb (1.2ms)
Completed 200 OK in 15ms (Views: 7.3ms | ActiveRecord: 0.0ms)


Started GET "/about" for ::1 at 2017-09-21 16:47:50 -0400

ActionController::RoutingError (No route matches [GET] "/about"):
  actionpack (4.2.3) lib/action_dispatch/middleware/debug_exceptions.rb:21:in `call'
  actionpack (4.2.3) lib/action_dispatch/middleware/show_exceptions.rb:30:in `call'
  railties (4.2.3) lib/rails/rack/logger.rb:38:in `call_app'
  railties (4.2.3) lib/rails/rack/logger.rb:20:in `block in call'
  activesupport (4.2.3) lib/active_support/tagged_logging.rb:68:in `block in tagged'
  activesupport (4.2.3) lib/active_support/tagged_logging.rb:26:in `tagged'
  activesupport (4.2.3) lib/active_support/tagged_logging.rb:68:in `tagged'
  railties (4.2.3) lib/rails/rack/logger.rb:20:in `call'
  actionpack (4.2.3) lib/action_dispatch/middleware/request_id.rb:21:in `call'
  rack (1.6.4) lib/rack/methodoverride.rb:22:in `call'
  rack (1.6.4) lib/rack/runtime.rb:18:in `call'
  activesupport (4.2.3) lib/active_support/cache/strategy/local_cache_middleware.rb:28:in `call'
  rack (1.6.4) lib/rack/lock.rb:17:in `call'
  actionpack (4.2.3) lib/action_dispatch/middleware/static.rb:116:in `call'
  rack (1.6.4) lib/rack/sendfile.rb:113:in `call'
  railties (4.2.3) lib/rails/engine.rb:518:in `call'
  railties (4.2.3) lib/rails/application.rb:165:in `call'
  rack (1.6.4) lib/rack/lock.rb:17:in `call'
  rack (1.6.4) lib/rack/content_length.rb:15:in `call'
  rack (1.6.4) lib/rack/handler/webrick.rb:88:in `service'
  /Users/ryansperzel/.rvm/rubies/ruby-2.3.3/lib/ruby/2.3.0/webrick/httpserver.rb:140:in `service'
  /Users/ryansperzel/.rvm/rubies/ruby-2.3.3/lib/ruby/2.3.0/webrick/httpserver.rb:96:in `run'
  /Users/ryansperzel/.rvm/rubies/ruby-2.3.3/lib/ruby/2.3.0/webrick/server.rb:296:in `block in start_thread'


  Rendered /Users/ryansperzel/.rvm/gems/ruby-2.3.3/gems/actionpack-4.2.3/lib/action_dispatch/middleware/templates/rescues/_trace.html.erb (2.2ms)
  Rendered /Users/ryansperzel/.rvm/gems/ruby-2.3.3/gems/actionpack-4.2.3/lib/action_dispatch/middleware/templates/routes/_route.html.erb (0.6ms)
  Rendered /Users/ryansperzel/.rvm/gems/ruby-2.3.3/gems/actionpack-4.2.3/lib/action_dispatch/middleware/templates/routes/_table.html.erb (9.4ms)
  Rendered /Users/ryansperzel/.rvm/gems/ruby-2.3.3/gems/actionpack-4.2.3/lib/action_dispatch/middleware/templates/rescues/_request_and_response.html.erb (1.1ms)
  Rendered /Users/ryansperzel/.rvm/gems/ruby-2.3.3/gems/actionpack-4.2.3/lib/action_dispatch/middleware/templates/rescues/routing_error.html.erb within rescues/layout (76.3ms)


Started GET "/about" for ::1 at 2017-09-21 16:48:40 -0400
Processing by StaticController#about as HTML
  Rendered static/about.erb within layouts/application (0.9ms)
Completed 200 OK in 152ms (Views: 143.9ms | ActiveRecord: 0.0ms)
